<?xml version="1.0" encoding="UTF-8"?>
<!-- Generated by org.testng.reporters.JUnitXMLReporter -->
<testsuite ignored="0" hostname="DESKTOP-G1OI83H" failures="0" tests="6" name="Default test" time="10.74" errors="0" timestamp="2023-04-12T11:50:59 IST">
  <testcase classname="api.test.ddtTests" name="testPostuser" time="3.066"/>
  <testcase classname="api.test.ddtTests" name="testPostuser" time="1.285"/>
  <testcase classname="api.test.ddtTests" name="testPostuser" time="1.244"/>
  <testcase classname="api.test.ddtTests" name="testDeleteUserByName" time="1.301"/>
  <testcase classname="api.test.ddtTests" name="testDeleteUserByName" time="1.229"/>
  <testcase classname="api.test.ddtTests" name="testDeleteUserByName" time="1.266"/>
</testsuite> <!-- Default test -->
