<?xml version="1.0" encoding="UTF-8"?>
<testng-results ignored="0" total="4" passed="4" failed="0" skipped="0">
  <reporter-output>
  </reporter-output>
  <suite started-at="2023-04-13T12:01:02 IST" name="PetSuite" finished-at="2023-04-13T12:01:10 IST" duration-ms="8267">
    <groups>
    </groups>
    <test started-at="2023-04-13T12:01:02 IST" name="PetTest" finished-at="2023-04-13T12:01:10 IST" duration-ms="8267">
      <class name="api.test.userTestFromPropertyFile">
        <test-method is-config="true" signature="setup()[pri:0, instance:api.test.userTestFromPropertyFile@c33b74f]" started-at="2023-04-13T12:01:02 IST" name="setup" finished-at="2023-04-13T12:01:03 IST" duration-ms="497" status="PASS">
          <reporter-output>
          </reporter-output>
        </test-method> <!-- setup -->
        <test-method signature="testPostUser()[pri:1, instance:api.test.userTestFromPropertyFile@c33b74f]" started-at="2023-04-13T12:01:03 IST" name="testPostUser" finished-at="2023-04-13T12:01:06 IST" duration-ms="2950" status="PASS">
          <reporter-output>
          </reporter-output>
        </test-method> <!-- testPostUser -->
        <test-method signature="testGetUserByName()[pri:2, instance:api.test.userTestFromPropertyFile@c33b74f]" started-at="2023-04-13T12:01:06 IST" name="testGetUserByName" finished-at="2023-04-13T12:01:07 IST" duration-ms="1164" status="PASS">
          <reporter-output>
          </reporter-output>
        </test-method> <!-- testGetUserByName -->
        <test-method signature="testUpdateUserName()[pri:3, instance:api.test.userTestFromPropertyFile@c33b74f]" started-at="2023-04-13T12:01:07 IST" name="testUpdateUserName" finished-at="2023-04-13T12:01:09 IST" duration-ms="2287" status="PASS">
          <reporter-output>
          </reporter-output>
        </test-method> <!-- testUpdateUserName -->
        <test-method signature="testDeleteUserName()[pri:4, instance:api.test.userTestFromPropertyFile@c33b74f]" started-at="2023-04-13T12:01:09 IST" name="testDeleteUserName" finished-at="2023-04-13T12:01:10 IST" duration-ms="1131" status="PASS">
          <reporter-output>
          </reporter-output>
        </test-method> <!-- testDeleteUserName -->
      </class> <!-- api.test.userTestFromPropertyFile -->
    </test> <!-- PetTest -->
  </suite> <!-- PetSuite -->
</testng-results>
