<?xml version="1.0" encoding="UTF-8"?>
<testng-results ignored="0" total="4" passed="4" failed="0" skipped="0">
  <reporter-output>
  </reporter-output>
  <suite started-at="2023-04-13T11:28:18 IST" name="PetSuite" finished-at="2023-04-13T11:28:26 IST" duration-ms="8845">
    <groups>
    </groups>
    <test started-at="2023-04-13T11:28:18 IST" name="PetTest" finished-at="2023-04-13T11:28:26 IST" duration-ms="8845">
      <class name="api.test.userTestFromPropertyFile">
        <test-method is-config="true" signature="setup()[pri:0, instance:api.test.userTestFromPropertyFile@35cabb2a]" started-at="2023-04-13T11:28:18 IST" name="setup" finished-at="2023-04-13T11:28:18 IST" duration-ms="498" status="PASS">
          <reporter-output>
          </reporter-output>
        </test-method> <!-- setup -->
        <test-method signature="testPostUser()[pri:1, instance:api.test.userTestFromPropertyFile@35cabb2a]" started-at="2023-04-13T11:28:18 IST" name="testPostUser" finished-at="2023-04-13T11:28:21 IST" duration-ms="3196" status="PASS">
          <reporter-output>
          </reporter-output>
        </test-method> <!-- testPostUser -->
        <test-method signature="testGetUserByName()[pri:2, instance:api.test.userTestFromPropertyFile@35cabb2a]" started-at="2023-04-13T11:28:21 IST" name="testGetUserByName" finished-at="2023-04-13T11:28:23 IST" duration-ms="1255" status="PASS">
          <reporter-output>
          </reporter-output>
        </test-method> <!-- testGetUserByName -->
        <test-method signature="testUpdateUserName()[pri:3, instance:api.test.userTestFromPropertyFile@35cabb2a]" started-at="2023-04-13T11:28:23 IST" name="testUpdateUserName" finished-at="2023-04-13T11:28:25 IST" duration-ms="2429" status="PASS">
          <reporter-output>
          </reporter-output>
        </test-method> <!-- testUpdateUserName -->
        <test-method signature="testDeleteUserName()[pri:4, instance:api.test.userTestFromPropertyFile@35cabb2a]" started-at="2023-04-13T11:28:25 IST" name="testDeleteUserName" finished-at="2023-04-13T11:28:26 IST" duration-ms="1204" status="PASS">
          <reporter-output>
          </reporter-output>
        </test-method> <!-- testDeleteUserName -->
      </class> <!-- api.test.userTestFromPropertyFile -->
    </test> <!-- PetTest -->
  </suite> <!-- PetSuite -->
</testng-results>
