<?xml version="1.0" encoding="UTF-8"?>
<!-- Generated by org.testng.reporters.JUnitXMLReporter -->
<testsuite ignored="0" hostname="DESKTOP-G1OI83H" failures="0" tests="4" name="PetTest" time="8.267" errors="0" timestamp="2023-04-13T12:01:10 IST">
  <testcase classname="api.test.userTestFromPropertyFile" name="testPostUser" time="2.95"/>
  <testcase classname="api.test.userTestFromPropertyFile" name="testGetUserByName" time="1.164"/>
  <testcase classname="api.test.userTestFromPropertyFile" name="testUpdateUserName" time="2.287"/>
  <testcase classname="api.test.userTestFromPropertyFile" name="testDeleteUserName" time="1.131"/>
</testsuite> <!-- PetTest -->
