<?xml version="1.0" encoding="UTF-8"?>
<!-- Generated by org.testng.reporters.JUnitXMLReporter -->
<testsuite ignored="0" hostname="DESKTOP-G1OI83H" failures="0" tests="4" name="PetTest" time="8.845" errors="0" timestamp="2023-04-13T11:28:27 IST">
  <testcase classname="api.test.userTestFromPropertyFile" name="testPostUser" time="3.196"/>
  <testcase classname="api.test.userTestFromPropertyFile" name="testGetUserByName" time="1.255"/>
  <testcase classname="api.test.userTestFromPropertyFile" name="testUpdateUserName" time="2.429"/>
  <testcase classname="api.test.userTestFromPropertyFile" name="testDeleteUserName" time="1.204"/>
</testsuite> <!-- PetTest -->
